========================================
📅 Timestamp: 2025-07-12 22:38:46
💽 Disk Usage:
Filesystem      Size  Used Avail Use% Mounted on
overlay          98G   52G   42G  56% /
tmpfs            64M     0   64M   0% /dev
/dev/vda2        98G   52G   42G  56% /etc/hosts
shm              64M     0   64M   0% /dev/shm
tmpfs            27G   16K   27G   1% /run/secrets/kubernetes.io/serviceaccount
tmpfs            16G     0   16G   0% /proc/acpi
tmpfs            16G     0   16G   0% /proc/scsi
tmpfs            16G     0   16G   0% /sys/firmware
========================================

========================================
📅 Timestamp: 2025-07-12 22:38:46
💽 Disk Usage:
Filesystem      Size  Used Avail Use% Mounted on
overlay          98G   52G   42G  56% /
tmpfs            64M     0   64M   0% /dev
/dev/vda2        98G   52G   42G  56% /etc/hosts
shm              64M     0   64M   0% /dev/shm
tmpfs            27G   16K   27G   1% /run/secrets/kubernetes.io/serviceaccount
tmpfs            16G     0   16G   0% /proc/acpi
tmpfs            16G     0   16G   0% /proc/scsi
tmpfs            16G     0   16G   0% /sys/firmware
========================================

========================================
📅 Timestamp: 2025-07-12 22:41:10
💽 Disk Usage:
Filesystem      Size  Used Avail Use% Mounted on
overlay          98G   52G   42G  56% /
tmpfs            64M     0   64M   0% /dev
/dev/vda2        98G   52G   42G  56% /etc/hosts
shm              64M     0   64M   0% /dev/shm
tmpfs            27G   16K   27G   1% /run/secrets/kubernetes.io/serviceaccount
tmpfs            16G     0   16G   0% /proc/acpi
tmpfs            16G     0   16G   0% /proc/scsi
tmpfs            16G     0   16G   0% /sys/firmware
========================================

